seed = 9384765
17093360853852023766
16869744529047134140
10995249840853812591
5796353025650436438
11245586896617236605
12942989307699400268
12446617494998410884
7236461960700364819
3995037085463127346
14481067004435502348
8436549283736164212
3721255555315928496
14360182598859888574
5566940763336671818
15427789401051142428
5557620635546672962
1390040356992352968
11456969294684000079
6873965934664347671
3408354707184009347
16418221720360820990
12549737097924667763
3694790146381722709
3523401582352231784
11976586870566139393
15604347978819162891
13005017267566514237
6705705181414213046
17831412263519168213
14449324881046491733
5522956630682740638
2695080414072471895
4458077833793158028
10630213315473820839
944120780645274291
11116478503095382748
1726450379003929400
15885928400895685091
5216703396312304076
6716434891550592831
15749810727398078835
12563781590080998918
10136971238373796515
10929862157715417797
167747604901510103
1290836605791417927
1876976827831692971
545967155521376848
8524057200696768446
5003736656296558549
16233348268808189950
15069199068465844317
10041812645434318822
16078897907656113368
15154941393699430831
13207809442465160348
5027717910038878380
2859171997625804135
18353738131686707525
492067829868856136
9614838986099728044
4915307245456245471
3376146375485769612
11737929295608734862
3420651570509871700
4565764772495992916
17769860511777402241
388539088705971744
17813312402539212257
13275660453540987476
2783196915610640572
15039209219377156232
15309555207576138027
1083090404649598696
1584657046617856246
3633944960002783166
12548923787570599115
15543350766273652980
16264788998152505274
1454428140930313259
4957860128022484453
15690422255694849216
7953100956483935195
13579971192423900390
7359596694858289594
4805425307312843852
14061276585043629452
5304434996955371183
18239602980123151104
12351243413582151090
11962201806487243293
14806903527116509898
7978684060512121360
5603064518728033895
13940231207331956466
4884676900339768425
3133550247456315904
7878996476319381592
1867000136828251258
2610436679680378055
6004230876127415129
12787356574872208944
5176048477604918815
11941903977813694175
3355717868473364773
3212818864427163390
11957861876848609250
16231232045319255592
3607292475928805989
1932670964552748885
5870911954117976313
11894254622777969204
9047121753560696228
6649342133596027514
16742160287088998105
6938896292975937235
11174786254230787038
10967874725022287418
11912691499276533988
3902370990655815826
6751057770662967261
7402836177324309999
2616568736009472789
2940082398343472004
14349041181264362622
10010083734590955684
8485365186591750545
7715446805300197790
16841177544878898203
9881169410421706460
1901050913730001947
16888525685202177800
17687451854627380360
7362822908150076500
12684924373096991800
4963297894175034817
7926019098741339971
16163553820444980465
6354675938617946713
16104210836957061718
11816425444887543273
11910675576076303541
4847778997741352254
14757021674668630440
6855613968396589085
18216692729935409122
1735709899289897641
2189387594340604366
4780833359653723737
16952122487229068516
12279082242297879925
8488768854896330588
6193945672271991893
4702944177529538527
16002549757131927574
11169489392082645794
3211527478729518891
7517931743617223847
11299016980418408183
10058469165987392572
14381862076805365291
15820330493597327891
8715249106043796113
234099396081270079
15615923830930267250
1621763498188313969
2693805920019506380
184984018652084642
16870152510547526263
13734430755763818975
6196975447903556891
9625222819586679756
11120394138776198418
5736690515241887126
14015104522797868074
6597590038769942277
5162829714462445572
11566659573693702419
18189153205101637864
3086208288086626191
6796830768302112647
249322381069273560
2324935277516806000
17247291703710651893
17360594560586538387
2545061781013008670
2258033752342360520
6711828749017060809
11894197668901787533
11934653642559750849
2762934472465849750
5942601878079745062
1010624582224272624
4542621382113409182
7692618324282502939
4699581342987115365
4081045725624165128
6470931991246727739
17579773859061278783
6514064866873342641
6871740586362220313
16299012031559566865
10458503203203367844
15705406090081921425
11467699505991799510
15004846053548848824
2461813307160814966
8470293475352553543
13681043838808758528
16546662083288923696
1102753670193006562
11070347382824441444
4822654214163167192
9669136879329012879
3476989672700923452
10476928750038558053
17474938011688670163
6926092044984784806
17546496494229861066
13792163422618378948
2362304050817431925
8090823783019225875
13139321454526946670
3049599894881766287
1374418351786590231
16151106257307529987
15561888753969396664
12804796127821341050
10805000951539935038
16947756094827179383
12126399539111850308
16484298614429261522
3115725859670395920
5369116967005773827
266145488998105130
11847526811536086147
14096254683039719520
10770120937933929262
9603238568943511647
16661069388616471940
15259080421184286535
7442428897883920724
14010550773659963095
11995425593817396620
8963646308564283233
9707004828036330920
900446066755930512
1254870886265673485
15193804655913066341
5582633497747485576
14622023688525699784
551707462193155213
7649058103307496248
16681701393599520403
17935864778767193662
9055506706703665331
9185878348464745345
17523928032653018633
12669965331398427504
1504382155779700801
10686744724043029830
11346715134912498349
5059141495466574182
7021680770949046087
12933965690650167828
10896071581931999388
3860439524174263720
64083065619250237
12502532893203316407
9399118734029727654
13403978177374312965
17568546886475252964
4954041871775175620
14601152968881177028
10704428012967209335
14826330108779925752
7589216338404082249
12128349427323023344
17257362304905282242
3342189777890804770
11989632114418892571
12332379471352502609
16482646434370816039
8502703209591255157
910747645584089066
10407843959157707280
10703006757410744228
17468670791206777129
1143142279270328228
12674089892753344960
7252827986599112246
8839822119091483779
8665808643108097331
10388583517362946678
3350299781595523942
3743809017367044751
2202515992880393097
6487770861625689773
16598915814309420725
5179185228829861846
7893755103523787871
11042480293386137337
4558378331071062235
10251753196633929240
7679491357029136625
13563789127191950655
15156852318565171994
11712535416249742162
5168829961817438960
14127946595290983089
8167592598788103493
3087508166340908995
16091547164576029996
17394529305699131049
9955808684462439043
5754197014584084531
3096299281841537056
3550734775266663317
14409929071728884279
9594137143560254906
17402565668328271755
4288160961626787061
17504382566572962928
12278228509449853805
15203044726430286696
18241302345341002393
8462971310768441963
3426520447606513927
685078085427358229
13631701476548391961
503303487001786674
4009056825365679127
16701701507937279119
10749792888093233589
10739871419665562177
16922218645559360885
3354381872894120852
7915974113370487989
17023178076287033125
18066805929752836965
4469003476955238590
3178166607750575709
13225471785732754854
13107593836674491759
14099634006535145485
18288287405367015506
9283588038031171581
12460395108520615758
8947689097656241845
11276574534713609929
18137867212004167566
15210263649339183771
10788584070188051623
1901333525585800881
11828828647799307923
8040435126614075193
4494841654813661953
371623040796154515
15754283425106433602
6540074088658451918
18314790049244871412
17175136056067884303
6536007932543710631
3859537260900352830
15905687329139068741
11942376304609820146
3368061457323922280
15338866303971240980
15550576832495131603
13089816573711199833
8998580558548638125
9575429693766423045
13942361824872865414
16994446520976444653
12587889354154501865
12909825312324758523
1647085995933004615
4604806150608439448
13726537260127660068
1051208467220932665
16103120495120250377
6892620149086629658
11243640676308782537
2015327622744482332
14253019374367752330
5377678186488267078
10073125639886157627
12612903768075337721
6656001787292398668
5118283776810603330
3532087465219068151
3486333651527968109
3862688858400960481
7447179827943874071
11084884763055272830
9617518689598089101
15295394427350093392
12370970050239539887
7145855865792064484
16297420211295015479
15040834967194082317
14237105123526472455
8793301057352980847
6527146903202944422
17258561841298452030
7015375559755312893
15148934793814717334
11711259400380686514
11771295457962019723
7620060399810396833
5784422278622727402
5124888389176672798
9378959903271480535
15045342903141563657
5701687496399002495
3286204386875536972
93724176341961345
8273032090459484410
5477859210531108126
5970649302410346389
15109103712792838648
12622445962831098335
9899195210424219814
5097331642382356390
4353980100578666771
15056374908072455321
6171621704965786133
3548781423895150217
5066511147527226376
12045913109581299255
12855236151595420362
13879744808248352944
2950803178994908593
11068243148226879021
12171380090908776271
3084789422685234578
14535679061130077903
15600480594218707447
16042440946600225196
10192914428666115781
14062685428589121336
6609355209254341971
5142364751671144219
7330351197336473036
7226281950938222789
2083710482797102612
16858820608623377022
12145246823714468054
16699463916246307556
16049445799934389170
3676017027824045379
2811316754238700694
8780337173398289976
14965189221351007701
6434698736768240710
11563444657977991430
3287028377752755356
12488150577471494733
2369630127799143357
18141870115653287844
11328840463026216505
8224827933418734229
15424865626407042971
2600404175706930817
15742881367412836073
2896608898195122425
14764295716286378422
11581582237549674011
18367130937571216472
14202518229291262095
4006281237886979689
8287301871555397602
1649571428554101963
6209454916928238815
1097165366504742515
6437836376216510163
3790958709005711563
7324760631198930823
6648674900338897583
16418505188870343960
16182268514600136960
3258822183824330587
8953914648144963449
1769478120346221934
8042712438400258337
14001088198689902699
9537713785102377349
11389271345204866784
10417094414396662728
9494941915668089613
14504051043937597147
13418399518010378487
16194588864490156006
10729683534312467739
866586312049201088
225144994605571205
2381074946388874556
15491382887700159356
12965371788915423096
15313816130466745670
14842289846197351977
9552300354926480776
3297998061672534490
1610682386019092593
12348851231299194732
343553479906495486
6290572080975441638
11928958470469671379
12653743274060103511
11779137901348062013
8143589492843985480
10425183229208075861
691707643445734779
3110450855810804355
10534106023045831129
1841156769037661693
16146007188662360393
9673730145111294506
11203997293921470074
12841375446238253789
95986965905334549
1619160671020206411
6994821541133033266
5899265403271703629
17952851124923255110
14773765369974005730
16612790493944264485
7061846916383280734
1738294822894099187
8472464601967686957
14638779184342286731
12081262397571479481
1218910773376428876
4764386588633164048
13214012336772365708
8487600491670503334
15445169162447139972
9713491523790431693
1851070171938594822
6406292282661698888
5349241313173408056
9770105267973954164
7983797816976550722
10220637765892691316
8123034428023656958
13061955205189905518
8090325196333722533
10751864479747135002
10748683604877416465
17073981164386918106
16169100039971498565
18235918797858266153
18082001333315729139
1141249908147652278
400926092041978592
11913708739623955992
7991624424319090825
2760257830621342657
3021277945737510613
13024875358383869310
2495773651118147258
3704240691559834923
11130891046619453297
13704358782040721602
1404742567326182800
13905285517826029239
9186917704912917735
10973982724603611439
14503195822616521424
4276151618440078268
11344463897711626610
6021958616460300718
4083260883340692827
821739333190018751
10709160594490844609
8425756815774206185
1849309856026839739
3849350699706771645
12086517113082741024
7010207485996484194
17438856252452025917
2068329689987551012
17361086512069522077
11915972705824660225
15871000588953789704
15291382007149084960
16591364360374968864
9617560792147376520
13414232515406335404
12966621939598947618
2440877810049516130
2881367833859700644
17593357504533735520
9670887192825358433
13668798929335237729
8891138336661417888
3688823143139742594
4818260894397151374
11260235363512082089
9625272610288163539
9367910355437744368
16015923173291898562
3427351819667397501
4473184770707803331
11681001545585072114
2574851687604087797
2706248931862405090
11319952106064953670
14732506960734328355
2167209276126834466
8337147689998938818
748740348560613710
14951902108723257420
10359938544364846690
17383273474168491113
6909225541781340908
6130572023551359086
2362519033502752384
12459368504014304862
1926408527909351857
18063489147298472919
8619897292478781885
7092375042963680408
4983886708803376665
14673765080181658541
2819574891756696391
1381122428616403129
17104307356866268751
5399956650690468173
3306724192441035353
13022947970845869497
5177730511303778396
3642381460980045346
15681579421516011447
2027198237789754955
6047421750857240711
5627476632837655842
1337907099688076812
15971091144012904961
13267980553052407010
9804953908560714590
15180996296762442404
10214573148933860728
16069017003828606760
13502111171895155605
7649319302111161832
5695112253758137214
15218807855311468634
13244412839621387689
12618630648359824393
5759326078421152287
3474510104967538387
12046102008864123906
5908249287900869846
3756386719306131842
10418757582321104136
11606760195616043617
14444096238162216287
4766295796136472422
12616220578418644806
14944284719903133534
7332113808127767409
18271232701530891413
17176363892406432350
2581817757559526163
9858373438957137367
689624265026724259
5005978607424116756
17891682914337621324
11629635407147835230
182509425149288719
11136407264215026175
16108519178343005368
6180600383572331199
15950252773392828896
5483813187051032142
11000888236437019577
10791402708270281283
10202331726024653677
9220979235497990218
7042918594844158378
1943164394829326036
2059143562076172128
18016773923936704240
3264825378881779519
12606266929401891653
2933508816041937873
16367779977587450405
13340175772125994771
740660839689864077
14629618764558931980
14634837236299808832
14102546702833029748
1912255431018548046
9188259403879114593
14938586171221192997
10584497228094933499
1445692781055167648
1405297998111595371
3412413482068221614
4318913120772466662
12080199627095446726
13124949060339567462
11085422273687886492
9948113900520598858
1108709272618943221
3802611891773589935
14621242523629566563
11464369548663711076
10905885133419517158
15045555371539223609
15953781304301270732
4563060372969198542
7012591134943675897
1734476754739248016
3589985559792193487
3591956707714003691
3839773601743849549
17935189662866954466
3522188944600454148
3431271126645878320
6473513433215091673
18039053834662489644
8818004975080085723
1500163410866695217
360115224786615890
9086260638828564926
14904595670785187232
5199741774718290007
8283027470471153067
2379272701093138569
5082626622949645466
4228920288821625221
2220812135708344453
711786478704196665
8181868476342894989
846660130549662949
11368336558396145751
5536731589103533328
11186954598195376395
11355310065972979156
17495589988843617793
9239535304850394606
6409476180472597051
8762028329988904039
1259251666692901335
16802041452655633498
3442657889680679778
9351665119263622532
14987687785172929656
15179180174958592530
9133937580371071820
975227676709158796
7682642298951923098
11699300575239723541
1636579153056103532
10847467875990425338
563217068210421856
12925650727208945435
15598712721131161710
15226687165952819533
17268755536477647810
12646034958306210379
7269997310504454561
10432430472141120095
4821875020180990883
4026205938731053390
17314234350960933797
16905159759587285681
1791664435090170286
2163971788802179660
7303872090832137877
270886678236753096
15548440013639738717
11611687519175503660
8737407031678073833
13522468408101515358
1272910384368291376
16491499712106251292
12161834202944272787
9151277033907564327
11017321735743431965
8544301532726431976
16046830245557870911
9277292812604891805
6301340913071958442
9831498612239816707
12387941537164285995
3662367308898257826
10168580938672568931
1419048509504305452
15150152843967030045
7216358713208447728
10728619169579082858
3075862690964909578
2412101469913916943
9820193708817493459
9724907215443945582
17789807120008511342
16364602952547375521
8446041133123719336
6756451617698451994
2364675768533196161
16687008656447698181
12393384292352845970
12361700397013132895
11506198572638113433
7808754280876144285
10643130158147024045
17733395293451523704
2246812772377552395
11566564107842127041
9769684989020263051
2584124553095310472
8045127152509350754
11767903971662378241
2183955064194817124
10222994843769800338
2639531377925458575
5847846618939156488
6885595955307975926
6028097859522202795
2409647383796373950
14501172013263942031
4556605152677087398
12848641375878244076
2659394908387289668
13667508610253913336
1833765656677690438
18045124781051058173
2726194527412314655
11961835317311715057
15382359172011553468
1946860383142750997
11684898549049075608
3217318930341646588
7965169737817710753
11704849120374907043
814555351091326900
12848164113742995028
15135062356807685193
18317211699810521070
13469038761850186930
2587066615071693893
9352545714642774749
13865589950080263027
656646552508634965
1011894870871525302
17068575890703119461
6451647880827924830
15458239847350145501
3362652415109549014
15050586139948609062
14764253813999928511
4284056449147441892
13253203365711258311
6891471728078746547
11695471761864833632
11793390682061504360
15283468626361737056
2319182991747121277
13661883096295849576
1782264261963910602
11258776934705237054
9390650180148713249
18309753318281939014
6860204318412029848
5068512195727927834
18269483764571961852
1584880027914771369
7442529495167010795
12617944380766473380
651520141781966582
9913751858255754373
16812296110248918438
15430133043727313782
8467277241799381236
16911759655019582653
4305548568300398155
6856278130350302310
11222128200667032492
7343091180855957998
16962803390513707339
7156621286177153164
5433517099964942516
18091194574831279532
2506735664673518360
8051127461230691112
7011148807647118985
9807849225716501020
4651669365177227654
4134494843535844492
12970431962740365633
5972984689998809988
16487357260743988527
9287699314564465100
14043544121918174778
11249805131401693177
7445026694399899523
4421134800442971586
17394645403052292988
18252571185860031919
16090418761033078982
13326915754671348052
1192604763072694790
13537437890461254589
11667408243273882895
14113483538242332544
9206950192613431632
17674207189309669616
1604113304338705784
17119752117194889020
7697410388446887978
3897019534483902525
2980665597896244775
14783038581784744553
5636799548449932851
6731313770340347684
8247923003620667279
6417374303167336119
525896960632700073
2984697700674640756
4440673960034719095
4619620795942578517
2185385171285943109
14823597381862317726
2747488436331082005
16902968322662235537
12682402159416462537
7529461260344020037
6214857993306179360
15579629040334412300
1658969596130026133
16240331150450399814
3990597607123386581
13715532080387048736
1812350875001479433
18330070232748088161
5915473448302397851
16612801362130347057
13840258152071344198
2664933600911780943
5132614150066972422
17907650251195369479
3339186878673195572
9167748070642713933
13083247770942398141
16485313663371012251
7999078727193309070
689965305409036835
17229437494103538225
10172288031918122128
3499510752480626428
13633202164841707256
13991947915934935426
18318916318260886614
6308332497432231419
15030459624538853945
15363453453868499042
8519382405943132364
6853445592222045215
16934654289586096219
3364074678942808832
3658126819206285634
70940955082255398
7812288232194092224
14167359413678824859
17894798472247308708
1153825760334196860
9257292467899187614
7984247332417501201
6135508625189600738
12654661158867149537
13654948521825317488
7234608953745678415
18365098692894751426
8238167702775068952
5504690656480650539
837647568654648780
17307165356392973803
7367348141865213824
3068907811208492170
10634975078331311266
15838932851033428571
11774368953862515049
5003236207886078805
7440794069856755986
3631795222613964599
16940925153148390649
5230644911936925121
15895363934327130034
16101456258253784035
7139437067861018
17092028464761277837
14667916458726241421
11967609241561709053
5862235157318498705
16915489825032240571
11657505268780178392
5997951603965816070
